<?xml version="1.0" encoding="UTF-8"?>
<!-- Generated by org.testng.reporters.JUnitXMLReporter -->
<testsuite hostname="LAPTOP-AGHJRJVA" ignored="0" name="Test" tests="1" failures="0" timestamp="2020-05-25T23:20:21 IST" time="4.018" errors="0">
  <testcase name="@BeforeMethod launchBrowser" time="3.882" classname="org.serviceNow.api.ProjectSpecificMethod">
    <failure type="org.openqa.selenium.SessionNotCreatedException" message="session not created: This version of ChromeDriver only supports Chrome version 79
Build info: version: &amp;apos;3.141.59&amp;apos;, revision: &amp;apos;e82be7d358&amp;apos;, time: &amp;apos;2018-11-14T08:17:03&amp;apos;
System info: host: &amp;apos;LAPTOP-AGHJRJVA&amp;apos;, ip: &amp;apos;192.168.137.1&amp;apos;, os.name: &amp;apos;Windows 10&amp;apos;, os.arch: &amp;apos;amd64&amp;apos;, os.version: &amp;apos;10.0&amp;apos;, java.version: &amp;apos;1.8.0_251&amp;apos;
Driver info: driver.version: ChromeDriver
remote stacktrace: Backtrace:
	Ordinal0 [0x00A8A113+1548563]
	Ordinal0 [0x00A0DDA1+1039777]
	Ordinal0 [0x0098E485+517253]
	Ordinal0 [0x0091FD34+64820]
	Ordinal0 [0x0091C61E+50718]
	Ordinal0 [0x0093B797+178071]
	Ordinal0 [0x0093B59D+177565]
	Ordinal0 [0x009395FB+169467]
	Ordinal0 [0x0092160A+71178]
	Ordinal0 [0x00922690+75408]
	Ordinal0 [0x00922629+75305]
	Ordinal0 [0x00A271B7+1143223]
	GetHandleVerifier [0x00B22B46+507814]
	GetHandleVerifier [0x00B22864+507076]
	GetHandleVerifier [0x00B29F47+537511]
	GetHandleVerifier [0x00B23402+510050]
	Ordinal0 [0x00A1F29C+1110684]
	Ordinal0 [0x00A2938B+1151883]
	Ordinal0 [0x00A294F3+1152243]
	Ordinal0 [0x00A283F5+1147893]
	BaseThreadInitThunk [0x77896359+25]
	RtlGetAppContainerNamedObjectPath [0x779D7C24+228]
	RtlGetAppContainerNamedObjectPath [0x779D7BF4+180]
">
      <![CDATA[org.openqa.selenium.SessionNotCreatedException: session not created: This version of ChromeDriver only supports Chrome version 79
Build info: version: '3.141.59', revision: 'e82be7d358', time: '2018-11-14T08:17:03'
System info: host: 'LAPTOP-AGHJRJVA', ip: '192.168.137.1', os.name: 'Windows 10', os.arch: 'amd64', os.version: '10.0', java.version: '1.8.0_251'
Driver info: driver.version: ChromeDriver
remote stacktrace: Backtrace:
Ordinal0 [0x00A8A113+1548563]
Ordinal0 [0x00A0DDA1+1039777]
Ordinal0 [0x0098E485+517253]
Ordinal0 [0x0091FD34+64820]
Ordinal0 [0x0091C61E+50718]
Ordinal0 [0x0093B797+178071]
Ordinal0 [0x0093B59D+177565]
Ordinal0 [0x009395FB+169467]
Ordinal0 [0x0092160A+71178]
Ordinal0 [0x00922690+75408]
Ordinal0 [0x00922629+75305]
Ordinal0 [0x00A271B7+1143223]
GetHandleVerifier [0x00B22B46+507814]
GetHandleVerifier [0x00B22864+507076]
GetHandleVerifier [0x00B29F47+537511]
GetHandleVerifier [0x00B23402+510050]
Ordinal0 [0x00A1F29C+1110684]
Ordinal0 [0x00A2938B+1151883]
Ordinal0 [0x00A294F3+1152243]
Ordinal0 [0x00A283F5+1147893]
BaseThreadInitThunk [0x77896359+25]
RtlGetAppContainerNamedObjectPath [0x779D7C24+228]
RtlGetAppContainerNamedObjectPath [0x779D7BF4+180]

at sun.reflect.NativeConstructorAccessorImpl.newInstance0(Native Method)
at sun.reflect.NativeConstructorAccessorImpl.newInstance(Unknown Source)
at sun.reflect.DelegatingConstructorAccessorImpl.newInstance(Unknown Source)
at java.lang.reflect.Constructor.newInstance(Unknown Source)
at org.openqa.selenium.remote.W3CHandshakeResponse.lambda$errorHandler$0(W3CHandshakeResponse.java:62)
at org.openqa.selenium.remote.HandshakeResponse.lambda$getResponseFunction$0(HandshakeResponse.java:30)
at org.openqa.selenium.remote.ProtocolHandshake.lambda$createSession$0(ProtocolHandshake.java:126)
at java.util.stream.ReferencePipeline$3$1.accept(Unknown Source)
at java.util.Spliterators$ArraySpliterator.tryAdvance(Unknown Source)
at java.util.stream.ReferencePipeline.forEachWithCancel(Unknown Source)
at java.util.stream.AbstractPipeline.copyIntoWithCancel(Unknown Source)
at java.util.stream.AbstractPipeline.copyInto(Unknown Source)
at java.util.stream.AbstractPipeline.wrapAndCopyInto(Unknown Source)
at java.util.stream.FindOps$FindOp.evaluateSequential(Unknown Source)
at java.util.stream.AbstractPipeline.evaluate(Unknown Source)
at java.util.stream.ReferencePipeline.findFirst(Unknown Source)
at org.openqa.selenium.remote.ProtocolHandshake.createSession(ProtocolHandshake.java:128)
at org.openqa.selenium.remote.ProtocolHandshake.createSession(ProtocolHandshake.java:74)
at org.openqa.selenium.remote.HttpCommandExecutor.execute(HttpCommandExecutor.java:136)
at org.openqa.selenium.remote.service.DriverCommandExecutor.execute(DriverCommandExecutor.java:83)
at org.openqa.selenium.remote.RemoteWebDriver.execute(RemoteWebDriver.java:552)
at org.openqa.selenium.remote.RemoteWebDriver.startSession(RemoteWebDriver.java:213)
at org.openqa.selenium.remote.RemoteWebDriver.<init>(RemoteWebDriver.java:131)
at org.openqa.selenium.chrome.ChromeDriver.<init>(ChromeDriver.java:181)
at org.openqa.selenium.chrome.ChromeDriver.<init>(ChromeDriver.java:168)
at org.openqa.selenium.chrome.ChromeDriver.<init>(ChromeDriver.java:123)
at org.serviceNow.api.ProjectSpecificMethod.launchBrowser(ProjectSpecificMethod.java:20)
at sun.reflect.NativeMethodAccessorImpl.invoke0(Native Method)
at sun.reflect.NativeMethodAccessorImpl.invoke(Unknown Source)
at sun.reflect.DelegatingMethodAccessorImpl.invoke(Unknown Source)
at java.lang.reflect.Method.invoke(Unknown Source)
at org.testng.internal.MethodInvocationHelper.invokeMethod(MethodInvocationHelper.java:131)
at org.testng.internal.MethodInvocationHelper.invokeMethodConsideringTimeout(MethodInvocationHelper.java:61)
at org.testng.internal.Invoker.invokeConfigurationMethod(Invoker.java:511)
at org.testng.internal.Invoker.invokeConfigurations(Invoker.java:241)
at org.testng.internal.Invoker.invokeMethod(Invoker.java:581)
at org.testng.internal.Invoker.invokeTestMethod(Invoker.java:792)
at org.testng.internal.Invoker.invokeTestMethods(Invoker.java:1103)
at org.testng.internal.TestMethodWorker.invokeTestMethods(TestMethodWorker.java:140)
at org.testng.internal.TestMethodWorker.run(TestMethodWorker.java:122)
at org.testng.TestRunner.privateRun(TestRunner.java:739)
at org.testng.TestRunner.run(TestRunner.java:589)
at org.testng.SuiteRunner.runTest(SuiteRunner.java:398)
at org.testng.SuiteRunner.runSequentially(SuiteRunner.java:392)
at org.testng.SuiteRunner.privateRun(SuiteRunner.java:354)
at org.testng.SuiteRunner.run(SuiteRunner.java:302)
at org.testng.SuiteRunnerWorker.runSuite(SuiteRunnerWorker.java:53)
at org.testng.SuiteRunnerWorker.run(SuiteRunnerWorker.java:96)
at org.testng.TestNG.runSuitesSequentially(TestNG.java:1145)
at org.testng.TestNG.runSuitesLocally(TestNG.java:1067)
at org.testng.TestNG.runSuites(TestNG.java:997)
at org.testng.TestNG.run(TestNG.java:965)
at org.testng.remote.AbstractRemoteTestNG.run(AbstractRemoteTestNG.java:115)
at org.testng.remote.RemoteTestNG.initAndRun(RemoteTestNG.java:251)
at org.testng.remote.RemoteTestNG.main(RemoteTestNG.java:77)
]]>
    </failure>
  </testcase> <!-- @BeforeMethod launchBrowser -->
  <testcase name="createNewIncident" time="0.0" classname="org.serviceNow.TestCases.TC001_CreateNewIncident">
    <skipped/>
  </testcase> <!-- createNewIncident -->
</testsuite> <!-- Test -->
